<?xml version="1.0" ?>
<!DOCTYPE coverage SYSTEM "http://cobertura.sourceforge.net/xml/coverage-04.dtd">
<coverage lines-valid="597" lines-covered="586" line-rate="0.9815" branches-valid="194" branches-covered="184" branch-rate="0.9484" timestamp="1700925581225" complexity="0" version="0.1">
  <sources>
    <source>C:\Users\cedri\Desktop\School\Info-Poly\Fall 2023\LOG2990\Project\LOG2990-206\server</source>
  </sources>
  <packages>
    <package name="app" line-rate="1" branch-rate="1">
      <classes>
        <class name="db.ts" filename="app\db.ts" line-rate="1" branch-rate="1">
          <methods>
            <method name="(anonymous_7)" hits="2" signature="()V">
              <lines>
                <line number="6" hits="2"/>
              </lines>
            </method>
            <method name="(anonymous_9)" hits="1" signature="()V">
              <lines>
                <line number="10" hits="1"/>
              </lines>
            </method>
          </methods>
          <lines>
            <line number="1" hits="1" branch="false"/>
            <line number="2" hits="1" branch="false"/>
            <line number="3" hits="1" branch="false"/>
            <line number="5" hits="1" branch="false"/>
            <line number="7" hits="2" branch="false"/>
            <line number="8" hits="2" branch="false"/>
            <line number="11" hits="1" branch="false"/>
          </lines>
        </class>
      </classes>
    </package>
    <package name="app.classes" line-rate="1" branch-rate="0.8571">
      <classes>
        <class name="socket-test-helper.ts" filename="app\classes\socket-test-helper.ts" line-rate="1" branch-rate="0.8571">
          <methods>
            <method name="(anonymous_0)" hits="3" signature="()V">
              <lines>
                <line number="8" hits="3"/>
              </lines>
            </method>
            <method name="(anonymous_1)" hits="738" signature="()V">
              <lines>
                <line number="14" hits="738"/>
              </lines>
            </method>
            <method name="(anonymous_2)" hits="52" signature="()V">
              <lines>
                <line number="22" hits="52"/>
              </lines>
            </method>
            <method name="(anonymous_3)" hits="165" signature="()V">
              <lines>
                <line number="30" hits="165"/>
              </lines>
            </method>
            <method name="(anonymous_4)" hits="3" signature="()V">
              <lines>
                <line number="34" hits="3"/>
              </lines>
            </method>
            <method name="(anonymous_5)" hits="43" signature="()V">
              <lines>
                <line number="38" hits="43"/>
              </lines>
            </method>
            <method name="(anonymous_6)" hits="3" signature="()V">
              <lines>
                <line number="49" hits="3"/>
              </lines>
            </method>
          </methods>
          <lines>
            <line number="7" hits="1" branch="false"/>
            <line number="9" hits="3" branch="false"/>
            <line number="10" hits="3" branch="false"/>
            <line number="11" hits="3" branch="false"/>
            <line number="13" hits="3" branch="false"/>
            <line number="15" hits="738" branch="true" condition-coverage="100% (2/2)"/>
            <line number="16" hits="33" branch="false"/>
            <line number="19" hits="738" branch="true" condition-coverage="75% (3/4)"/>
            <line number="23" hits="52" branch="true" condition-coverage="100% (2/2)"/>
            <line number="24" hits="2" branch="false"/>
            <line number="27" hits="52" branch="true" condition-coverage="75% (3/4)"/>
            <line number="31" hits="165" branch="false"/>
            <line number="35" hits="3" branch="false"/>
            <line number="39" hits="43" branch="true" condition-coverage="100% (2/2)"/>
            <line number="40" hits="3" branch="false"/>
            <line number="44" hits="40" branch="false"/>
            <line number="45" hits="477" branch="false"/>
            <line number="50" hits="3" branch="false"/>
          </lines>
        </class>
      </classes>
    </package>
    <package name="app.classes.db-game-finder" line-rate="0.875" branch-rate="1">
      <classes>
        <class name="db-game-finder.ts" filename="app\classes\db-game-finder\db-game-finder.ts" line-rate="0.875" branch-rate="1">
          <methods>
            <method name="(anonymous_8)" hits="1" signature="()V">
              <lines>
                <line number="6" hits="1"/>
              </lines>
            </method>
            <method name="(anonymous_10)" hits="3" signature="()V">
              <lines>
                <line number="14" hits="3"/>
              </lines>
            </method>
            <method name="(anonymous_12)" hits="5" signature="()V">
              <lines>
                <line number="25" hits="5"/>
              </lines>
            </method>
            <method name="(anonymous_14)" hits="4" signature="()V">
              <lines>
                <line number="34" hits="4"/>
              </lines>
            </method>
            <method name="(anonymous_15)" hits="10" signature="()V">
              <lines>
                <line number="36" hits="10"/>
              </lines>
            </method>
            <method name="(anonymous_16)" hits="11" signature="()V">
              <lines>
                <line number="41" hits="11"/>
              </lines>
            </method>
          </methods>
          <lines>
            <line number="2" hits="1" branch="false"/>
            <line number="5" hits="1" branch="false"/>
            <line number="7" hits="1" branch="false"/>
            <line number="8" hits="1" branch="false"/>
            <line number="10" hits="0" branch="false"/>
            <line number="15" hits="3" branch="false"/>
            <line number="16" hits="3" branch="false"/>
            <line number="19" hits="3" branch="false"/>
            <line number="21" hits="0" branch="false"/>
            <line number="26" hits="5" branch="false"/>
            <line number="27" hits="5" branch="false"/>
            <line number="29" hits="3" branch="false"/>
            <line number="36" hits="4" branch="false"/>
            <line number="37" hits="10" branch="false"/>
            <line number="42" hits="11" branch="false"/>
            <line number="43" hits="11" branch="false"/>
          </lines>
        </class>
      </classes>
    </package>
    <package name="app.classes.host" line-rate="0.975" branch-rate="0.8887999999999999">
      <classes>
        <class name="host.ts" filename="app\classes\host\host.ts" line-rate="0.975" branch-rate="0.8887999999999999">
          <methods>
            <method name="(anonymous_7)" hits="49" signature="()V">
              <lines>
                <line number="17" hits="49"/>
              </lines>
            </method>
            <method name="(anonymous_8)" hits="4" signature="()V">
              <lines>
                <line number="25" hits="4"/>
              </lines>
            </method>
            <method name="(anonymous_9)" hits="4" signature="()V">
              <lines>
                <line number="25" hits="4"/>
              </lines>
            </method>
            <method name="(anonymous_10)" hits="9" signature="()V">
              <lines>
                <line number="36" hits="9"/>
              </lines>
            </method>
            <method name="(anonymous_11)" hits="3" signature="()V">
              <lines>
                <line number="39" hits="3"/>
              </lines>
            </method>
            <method name="(anonymous_12)" hits="4" signature="()V">
              <lines>
                <line number="43" hits="4"/>
              </lines>
            </method>
            <method name="(anonymous_13)" hits="5" signature="()V">
              <lines>
                <line number="46" hits="5"/>
              </lines>
            </method>
            <method name="(anonymous_14)" hits="26" signature="()V">
              <lines>
                <line number="69" hits="26"/>
              </lines>
            </method>
            <method name="(anonymous_15)" hits="21" signature="()V">
              <lines>
                <line number="73" hits="21"/>
              </lines>
            </method>
            <method name="(anonymous_16)" hits="7" signature="()V">
              <lines>
                <line number="77" hits="7"/>
              </lines>
            </method>
            <method name="(anonymous_17)" hits="8" signature="()V">
              <lines>
                <line number="82" hits="8"/>
              </lines>
            </method>
            <method name="(anonymous_18)" hits="10" signature="()V">
              <lines>
                <line number="86" hits="10"/>
              </lines>
            </method>
            <method name="(anonymous_19)" hits="29" signature="()V">
              <lines>
                <line number="90" hits="29"/>
              </lines>
            </method>
            <method name="(anonymous_20)" hits="44" signature="()V">
              <lines>
                <line number="92" hits="44"/>
              </lines>
            </method>
            <method name="(anonymous_21)" hits="16" signature="()V">
              <lines>
                <line number="98" hits="16"/>
              </lines>
            </method>
            <method name="(anonymous_22)" hits="17" signature="()V">
              <lines>
                <line number="102" hits="17"/>
              </lines>
            </method>
            <method name="(anonymous_23)" hits="18" signature="()V">
              <lines>
                <line number="106" hits="18"/>
              </lines>
            </method>
            <method name="(anonymous_24)" hits="43" signature="()V">
              <lines>
                <line number="112" hits="43"/>
              </lines>
            </method>
            <method name="(anonymous_25)" hits="34" signature="()V">
              <lines>
                <line number="118" hits="34"/>
              </lines>
            </method>
            <method name="(anonymous_26)" hits="72" signature="()V">
              <lines>
                <line number="130" hits="72"/>
              </lines>
            </method>
            <method name="(anonymous_27)" hits="26" signature="()V">
              <lines>
                <line number="144" hits="26"/>
              </lines>
            </method>
            <method name="(anonymous_28)" hits="3" signature="()V">
              <lines>
                <line number="149" hits="3"/>
              </lines>
            </method>
          </methods>
          <lines>
            <line number="1" hits="1" branch="false"/>
            <line number="2" hits="1" branch="false"/>
            <line number="4" hits="1" branch="false"/>
            <line number="6" hits="1" branch="false"/>
            <line number="7" hits="1" branch="false"/>
            <line number="10" hits="1" branch="false"/>
            <line number="12" hits="1" branch="false"/>
            <line number="14" hits="49" branch="false"/>
            <line number="15" hits="49" branch="false"/>
            <line number="18" hits="49" branch="false"/>
            <line number="19" hits="49" branch="false"/>
            <line number="20" hits="49" branch="false"/>
            <line number="22" hits="49" branch="false"/>
            <line number="23" hits="49" branch="false"/>
            <line number="24" hits="49" branch="false"/>
            <line number="25" hits="49" branch="false"/>
            <line number="26" hits="4" branch="false"/>
            <line number="27" hits="4" branch="false"/>
            <line number="28" hits="0" branch="false"/>
            <line number="29" hits="0" branch="false"/>
            <line number="31" hits="4" branch="false"/>
            <line number="32" hits="4" branch="false"/>
            <line number="36" hits="49" branch="false"/>
            <line number="37" hits="9" branch="false"/>
            <line number="39" hits="49" branch="false"/>
            <line number="40" hits="3" branch="false"/>
            <line number="43" hits="49" branch="false"/>
            <line number="44" hits="4" branch="false"/>
            <line number="46" hits="49" branch="false"/>
            <line number="47" hits="5" branch="true" condition-coverage="50% (1/2)"/>
            <line number="48" hits="5" branch="false"/>
            <line number="50" hits="5" branch="false"/>
            <line number="66" hits="5" branch="false"/>
            <line number="69" hits="49" branch="false"/>
            <line number="70" hits="26" branch="false"/>
            <line number="73" hits="49" branch="false"/>
            <line number="74" hits="21" branch="false"/>
            <line number="77" hits="49" branch="false"/>
            <line number="78" hits="7" branch="false"/>
            <line number="79" hits="7" branch="false"/>
            <line number="82" hits="49" branch="false"/>
            <line number="83" hits="8" branch="false"/>
            <line number="86" hits="49" branch="false"/>
            <line number="87" hits="10" branch="false"/>
            <line number="90" hits="49" branch="false"/>
            <line number="91" hits="29" branch="false"/>
            <line number="92" hits="44" branch="true" condition-coverage="100% (4/4)"/>
            <line number="93" hits="15" branch="false"/>
            <line number="94" hits="15" branch="false"/>
            <line number="98" hits="49" branch="false"/>
            <line number="99" hits="16" branch="false"/>
            <line number="102" hits="49" branch="false"/>
            <line number="103" hits="17" branch="false"/>
            <line number="106" hits="49" branch="false"/>
            <line number="107" hits="18" branch="false"/>
            <line number="108" hits="18" branch="false"/>
            <line number="109" hits="18" branch="false"/>
            <line number="112" hits="26" branch="false"/>
            <line number="113" hits="43" branch="false"/>
            <line number="114" hits="43" branch="false"/>
            <line number="115" hits="43" branch="false"/>
            <line number="118" hits="26" branch="false"/>
            <line number="120" hits="34" branch="false"/>
            <line number="121" hits="34" branch="false"/>
            <line number="122" hits="34" branch="false"/>
            <line number="123" hits="34" branch="false"/>
            <line number="125" hits="34" branch="false"/>
            <line number="126" hits="34" branch="false"/>
            <line number="127" hits="34" branch="false"/>
            <line number="130" hits="26" branch="false"/>
            <line number="131" hits="72" branch="true" condition-coverage="100% (3/3)"/>
            <line number="133" hits="24" branch="false"/>
            <line number="134" hits="24" branch="false"/>
            <line number="136" hits="23" branch="false"/>
            <line number="137" hits="23" branch="false"/>
            <line number="139" hits="25" branch="false"/>
            <line number="140" hits="25" branch="false"/>
            <line number="144" hits="26" branch="false"/>
            <line number="145" hits="26" branch="false"/>
            <line number="150" hits="3" branch="false"/>
          </lines>
        </class>
      </classes>
    </package>
    <package name="app.classes.http-exception" line-rate="1" branch-rate="1">
      <classes>
        <class name="http.exception.ts" filename="app\classes\http-exception\http.exception.ts" line-rate="1" branch-rate="1">
          <methods>
            <method name="(anonymous_0)" hits="1" signature="()V">
              <lines>
                <line number="4" hits="1"/>
              </lines>
            </method>
          </methods>
          <lines>
            <line number="1" hits="1" branch="false"/>
            <line number="3" hits="1" branch="false"/>
            <line number="6" hits="1" branch="true" condition-coverage="100% (1/1)"/>
            <line number="8" hits="1" branch="false"/>
            <line number="9" hits="1" branch="false"/>
          </lines>
        </class>
      </classes>
    </package>
    <package name="app.classes.id-generator" line-rate="1" branch-rate="1">
      <classes>
        <class name="id-generator.ts" filename="app\classes\id-generator\id-generator.ts" line-rate="1" branch-rate="1">
          <methods>
            <method name="(anonymous_0)" hits="4" signature="()V">
              <lines>
                <line number="3" hits="4"/>
              </lines>
            </method>
          </methods>
          <lines>
            <line number="1" hits="1" branch="false"/>
            <line number="2" hits="1" branch="false"/>
            <line number="4" hits="4" branch="false"/>
          </lines>
        </class>
      </classes>
    </package>
    <package name="app.classes.match" line-rate="1" branch-rate="1">
      <classes>
        <class name="match.ts" filename="app\classes\match\match.ts" line-rate="1" branch-rate="1">
          <methods>
            <method name="(anonymous_7)" hits="26" signature="()V">
              <lines>
                <line number="17" hits="26"/>
              </lines>
            </method>
            <method name="(anonymous_8)" hits="26" signature="()V">
              <lines>
                <line number="26" hits="26"/>
              </lines>
            </method>
            <method name="(anonymous_10)" hits="1" signature="()V">
              <lines>
                <line number="31" hits="1"/>
              </lines>
            </method>
            <method name="(anonymous_11)" hits="101" signature="()V">
              <lines>
                <line number="38" hits="101"/>
              </lines>
            </method>
            <method name="(anonymous_12)" hits="42" signature="()V">
              <lines>
                <line number="42" hits="42"/>
              </lines>
            </method>
            <method name="(anonymous_14)" hits="1" signature="()V">
              <lines>
                <line number="62" hits="1"/>
              </lines>
            </method>
            <method name="(anonymous_16)" hits="1" signature="()V">
              <lines>
                <line number="63" hits="1"/>
              </lines>
            </method>
            <method name="(anonymous_17)" hits="3" signature="()V">
              <lines>
                <line number="69" hits="3"/>
              </lines>
            </method>
            <method name="(anonymous_19)" hits="2" signature="()V">
              <lines>
                <line number="72" hits="2"/>
              </lines>
            </method>
            <method name="(anonymous_20)" hits="1" signature="()V">
              <lines>
                <line number="78" hits="1"/>
              </lines>
            </method>
            <method name="(anonymous_22)" hits="1" signature="()V">
              <lines>
                <line number="83" hits="1"/>
              </lines>
            </method>
            <method name="(anonymous_23)" hits="2" signature="()V">
              <lines>
                <line number="89" hits="2"/>
              </lines>
            </method>
            <method name="(anonymous_25)" hits="3" signature="()V">
              <lines>
                <line number="90" hits="3"/>
              </lines>
            </method>
            <method name="(anonymous_26)" hits="3" signature="()V">
              <lines>
                <line number="90" hits="3"/>
              </lines>
            </method>
            <method name="(anonymous_27)" hits="102" signature="()V">
              <lines>
                <line number="96" hits="102"/>
              </lines>
            </method>
            <method name="(anonymous_28)" hits="152" signature="()V">
              <lines>
                <line number="97" hits="152"/>
              </lines>
            </method>
            <method name="(anonymous_29)" hits="1" signature="()V">
              <lines>
                <line number="100" hits="1"/>
              </lines>
            </method>
            <method name="(anonymous_30)" hits="3" signature="()V">
              <lines>
                <line number="101" hits="3"/>
              </lines>
            </method>
            <method name="(anonymous_31)" hits="1" signature="()V">
              <lines>
                <line number="104" hits="1"/>
              </lines>
            </method>
            <method name="(anonymous_32)" hits="3" signature="()V">
              <lines>
                <line number="105" hits="3"/>
              </lines>
            </method>
            <method name="(anonymous_33)" hits="2" signature="()V">
              <lines>
                <line number="108" hits="2"/>
              </lines>
            </method>
            <method name="(anonymous_34)" hits="6" signature="()V">
              <lines>
                <line number="109" hits="6"/>
              </lines>
            </method>
            <method name="(anonymous_35)" hits="1" signature="()V">
              <lines>
                <line number="112" hits="1"/>
              </lines>
            </method>
            <method name="(anonymous_36)" hits="3" signature="()V">
              <lines>
                <line number="113" hits="3"/>
              </lines>
            </method>
            <method name="(anonymous_37)" hits="2" signature="()V">
              <lines>
                <line number="118" hits="2"/>
              </lines>
            </method>
            <method name="(anonymous_38)" hits="4" signature="()V">
              <lines>
                <line number="119" hits="4"/>
              </lines>
            </method>
            <method name="(anonymous_39)" hits="2" signature="()V">
              <lines>
                <line number="126" hits="2"/>
              </lines>
            </method>
            <method name="(anonymous_40)" hits="4" signature="()V">
              <lines>
                <line number="127" hits="4"/>
              </lines>
            </method>
            <method name="(anonymous_41)" hits="41" signature="()V">
              <lines>
                <line number="134" hits="41"/>
              </lines>
            </method>
            <method name="(anonymous_42)" hits="34" signature="()V">
              <lines>
                <line number="140" hits="34"/>
              </lines>
            </method>
            <method name="(anonymous_43)" hits="1" signature="()V">
              <lines>
                <line number="141" hits="1"/>
              </lines>
            </method>
          </methods>
          <lines>
            <line number="2" hits="1" branch="false"/>
            <line number="3" hits="1" branch="false"/>
            <line number="4" hits="1" branch="false"/>
            <line number="6" hits="1" branch="false"/>
            <line number="9" hits="1" branch="false"/>
            <line number="12" hits="26" branch="false"/>
            <line number="13" hits="26" branch="false"/>
            <line number="14" hits="26" branch="false"/>
            <line number="15" hits="26" branch="false"/>
            <line number="18" hits="26" branch="false"/>
            <line number="19" hits="26" branch="false"/>
            <line number="23" hits="26" branch="false"/>
            <line number="27" hits="26" branch="false"/>
            <line number="28" hits="23" branch="false"/>
            <line number="32" hits="1" branch="false"/>
            <line number="33" hits="1" branch="false"/>
            <line number="34" hits="1" branch="false"/>
            <line number="35" hits="1" branch="false"/>
            <line number="39" hits="101" branch="false"/>
            <line number="43" hits="42" branch="true" condition-coverage="100% (2/2)"/>
            <line number="44" hits="1" branch="false"/>
            <line number="45" hits="41" branch="true" condition-coverage="100% (2/2)"/>
            <line number="46" hits="4" branch="false"/>
            <line number="48" hits="37" branch="false"/>
            <line number="50" hits="37" branch="false"/>
            <line number="51" hits="37" branch="true" condition-coverage="100% (2/2)"/>
            <line number="52" hits="30" branch="false"/>
            <line number="54" hits="37" branch="false"/>
            <line number="56" hits="37" branch="false"/>
            <line number="57" hits="37" branch="false"/>
            <line number="58" hits="37" branch="false"/>
            <line number="63" hits="1" branch="false"/>
            <line number="64" hits="1" branch="false"/>
            <line number="65" hits="1" branch="false"/>
            <line number="66" hits="1" branch="false"/>
            <line number="70" hits="3" branch="false"/>
            <line number="71" hits="2" branch="false"/>
            <line number="72" hits="2" branch="false"/>
            <line number="75" hits="2" branch="false"/>
            <line number="79" hits="1" branch="false"/>
            <line number="80" hits="1" branch="false"/>
            <line number="81" hits="1" branch="false"/>
            <line number="82" hits="1" branch="false"/>
            <line number="83" hits="1" branch="false"/>
            <line number="86" hits="1" branch="false"/>
            <line number="90" hits="3" branch="false"/>
            <line number="91" hits="3" branch="false"/>
            <line number="93" hits="2" branch="false"/>
            <line number="97" hits="152" branch="false"/>
            <line number="101" hits="3" branch="false"/>
            <line number="105" hits="3" branch="false"/>
            <line number="109" hits="6" branch="false"/>
            <line number="113" hits="1" branch="false"/>
            <line number="114" hits="3" branch="false"/>
            <line number="119" hits="4" branch="false"/>
            <line number="120" hits="2" branch="true" condition-coverage="100% (2/2)"/>
            <line number="121" hits="1" branch="false"/>
            <line number="122" hits="1" branch="false"/>
            <line number="127" hits="4" branch="false"/>
            <line number="128" hits="2" branch="true" condition-coverage="100% (2/2)"/>
            <line number="129" hits="1" branch="false"/>
            <line number="130" hits="1" branch="false"/>
            <line number="135" hits="41" branch="false"/>
            <line number="136" hits="41" branch="false"/>
            <line number="137" hits="41" branch="false"/>
            <line number="140" hits="34" branch="false"/>
            <line number="141" hits="1" branch="false"/>
          </lines>
        </class>
      </classes>
    </package>
    <package name="app.classes.match-manager" line-rate="0.9677" branch-rate="0.8332999999999999">
      <classes>
        <class name="match-manager.ts" filename="app\classes\match-manager\match-manager.ts" line-rate="0.9677" branch-rate="0.8332999999999999">
          <methods>
            <method name="(anonymous_7)" hits="8" signature="()V">
              <lines>
                <line number="6" hits="8"/>
              </lines>
            </method>
            <method name="(anonymous_8)" hits="3" signature="()V">
              <lines>
                <line number="10" hits="3"/>
              </lines>
            </method>
            <method name="(anonymous_9)" hits="1" signature="()V">
              <lines>
                <line number="14" hits="1"/>
              </lines>
            </method>
            <method name="(anonymous_10)" hits="5" signature="()V">
              <lines>
                <line number="25" hits="5"/>
              </lines>
            </method>
            <method name="(anonymous_12)" hits="6" signature="()V">
              <lines>
                <line number="42" hits="6"/>
              </lines>
            </method>
            <method name="(anonymous_13)" hits="4" signature="()V">
              <lines>
                <line number="43" hits="4"/>
              </lines>
            </method>
            <method name="(anonymous_14)" hits="3" signature="()V">
              <lines>
                <line number="50" hits="3"/>
              </lines>
            </method>
            <method name="(anonymous_15)" hits="0" signature="()V">
              <lines>
                <line number="54" hits="0"/>
              </lines>
            </method>
          </methods>
          <lines>
            <line number="1" hits="1" branch="false"/>
            <line number="2" hits="1" branch="false"/>
            <line number="6" hits="1" branch="false"/>
            <line number="7" hits="8" branch="false"/>
            <line number="8" hits="8" branch="false"/>
            <line number="11" hits="3" branch="false"/>
            <line number="12" hits="3" branch="false"/>
            <line number="14" hits="3" branch="false"/>
            <line number="15" hits="1" branch="false"/>
            <line number="16" hits="1" branch="false"/>
            <line number="17" hits="1" branch="false"/>
            <line number="18" hits="1" branch="false"/>
            <line number="21" hits="3" branch="false"/>
            <line number="22" hits="3" branch="false"/>
            <line number="26" hits="5" branch="false"/>
            <line number="27" hits="5" branch="false"/>
            <line number="28" hits="3" branch="false"/>
            <line number="29" hits="3" branch="false"/>
            <line number="31" hits="2" branch="true" condition-coverage="100% (2/2)"/>
            <line number="32" hits="1" branch="false"/>
            <line number="33" hits="1" branch="true" condition-coverage="50% (1/2)"/>
            <line number="34" hits="1" branch="false"/>
            <line number="38" hits="2" branch="false"/>
            <line number="43" hits="6" branch="false"/>
            <line number="44" hits="6" branch="true" condition-coverage="100% (2/2)"/>
            <line number="45" hits="3" branch="false"/>
            <line number="47" hits="3" branch="false"/>
            <line number="52" hits="3" branch="false"/>
            <line number="53" hits="3" branch="false"/>
            <line number="54" hits="0" branch="false"/>
            <line number="55" hits="3" branch="false"/>
          </lines>
        </class>
      </classes>
    </package>
    <package name="app.classes.match-timer" line-rate="0.9811" branch-rate="0.96">
      <classes>
        <class name="match-timer.ts" filename="app\classes\match-timer\match-timer.ts" line-rate="0.9811" branch-rate="0.96">
          <methods>
            <method name="(anonymous_7)" hits="67" signature="()V">
              <lines>
                <line number="22" hits="67"/>
              </lines>
            </method>
            <method name="(anonymous_8)" hits="21" signature="()V">
              <lines>
                <line number="28" hits="21"/>
              </lines>
            </method>
            <method name="(anonymous_9)" hits="1" signature="()V">
              <lines>
                <line number="49" hits="1"/>
              </lines>
            </method>
            <method name="(anonymous_10)" hits="72" signature="()V">
              <lines>
                <line number="56" hits="72"/>
              </lines>
            </method>
            <method name="(anonymous_11)" hits="26" signature="()V">
              <lines>
                <line number="63" hits="26"/>
              </lines>
            </method>
            <method name="(anonymous_12)" hits="28" signature="()V">
              <lines>
                <line number="70" hits="28"/>
              </lines>
            </method>
            <method name="(anonymous_13)" hits="21" signature="()V">
              <lines>
                <line number="79" hits="21"/>
              </lines>
            </method>
            <method name="(anonymous_14)" hits="14" signature="()V">
              <lines>
                <line number="84" hits="14"/>
              </lines>
            </method>
            <method name="(anonymous_15)" hits="38" signature="()V">
              <lines>
                <line number="89" hits="38"/>
              </lines>
            </method>
            <method name="(anonymous_17)" hits="2174" signature="()V">
              <lines>
                <line number="95" hits="2174"/>
              </lines>
            </method>
          </methods>
          <lines>
            <line number="1" hits="1" branch="false"/>
            <line number="2" hits="1" branch="false"/>
            <line number="4" hits="1" branch="false"/>
            <line number="14" hits="1" branch="false"/>
            <line number="17" hits="67" branch="false"/>
            <line number="18" hits="67" branch="false"/>
            <line number="20" hits="67" branch="false"/>
            <line number="23" hits="67" branch="false"/>
            <line number="24" hits="67" branch="false"/>
            <line number="25" hits="67" branch="false"/>
            <line number="29" hits="21" branch="false"/>
            <line number="30" hits="21" branch="false"/>
            <line number="31" hits="21" branch="true" condition-coverage="100% (2/2)"/>
            <line number="32" hits="19" branch="false"/>
            <line number="33" hits="19" branch="false"/>
            <line number="34" hits="2" branch="true" condition-coverage="100% (2/2)"/>
            <line number="35" hits="1" branch="false"/>
            <line number="36" hits="1" branch="false"/>
            <line number="38" hits="1" branch="false"/>
            <line number="40" hits="20" branch="true" condition-coverage="100% (2/2)"/>
            <line number="41" hits="19" branch="false"/>
            <line number="43" hits="1" branch="false"/>
            <line number="46" hits="20" branch="false"/>
            <line number="50" hits="1" branch="false"/>
            <line number="51" hits="1" branch="false"/>
            <line number="52" hits="1" branch="false"/>
            <line number="53" hits="1" branch="false"/>
            <line number="57" hits="72" branch="false"/>
            <line number="58" hits="72" branch="true" condition-coverage="100% (2/2)"/>
            <line number="59" hits="1" branch="false"/>
            <line number="64" hits="26" branch="true" condition-coverage="100% (2/2)"/>
            <line number="65" hits="1" branch="false"/>
            <line number="67" hits="26" branch="false"/>
            <line number="71" hits="28" branch="true" condition-coverage="100% (4/4)"/>
            <line number="72" hits="10" branch="false"/>
            <line number="73" hits="10" branch="false"/>
            <line number="74" hits="10" branch="false"/>
            <line number="75" hits="10" branch="false"/>
            <line number="80" hits="21" branch="false"/>
            <line number="81" hits="21" branch="false"/>
            <line number="85" hits="14" branch="false"/>
            <line number="86" hits="14" branch="false"/>
            <line number="90" hits="38" branch="false"/>
            <line number="91" hits="38" branch="true" condition-coverage="100% (2/2)"/>
            <line number="92" hits="20" branch="false"/>
            <line number="95" hits="38" branch="false"/>
            <line number="96" hits="2174" branch="true" condition-coverage="100% (4/4)"/>
            <line number="97" hits="1119" branch="false"/>
            <line number="98" hits="1119" branch="true" condition-coverage="50% (1/2)"/>
            <line number="99" hits="0" branch="false"/>
            <line number="101" hits="1119" branch="true" condition-coverage="100% (2/2)"/>
            <line number="102" hits="14" branch="false"/>
            <line number="103" hits="14" branch="false"/>
          </lines>
        </class>
      </classes>
    </package>
    <package name="app.classes.player" line-rate="0.9545" branch-rate="0.8181">
      <classes>
        <class name="player.ts" filename="app\classes\player\player.ts" line-rate="0.9545" branch-rate="0.8181">
          <methods>
            <method name="(anonymous_7)" hits="55" signature="()V">
              <lines>
                <line number="14" hits="55"/>
              </lines>
            </method>
            <method name="(anonymous_8)" hits="1" signature="()V">
              <lines>
                <line number="16" hits="1"/>
              </lines>
            </method>
            <method name="(anonymous_9)" hits="2" signature="()V">
              <lines>
                <line number="19" hits="2"/>
              </lines>
            </method>
            <method name="(anonymous_10)" hits="3" signature="()V">
              <lines>
                <line number="23" hits="3"/>
              </lines>
            </method>
            <method name="(anonymous_11)" hits="15" signature="()V">
              <lines>
                <line number="27" hits="15"/>
              </lines>
            </method>
            <method name="(anonymous_12)" hits="8" signature="()V">
              <lines>
                <line number="31" hits="8"/>
              </lines>
            </method>
            <method name="(anonymous_13)" hits="8" signature="()V">
              <lines>
                <line number="31" hits="8"/>
              </lines>
            </method>
            <method name="(anonymous_14)" hits="5" signature="()V">
              <lines>
                <line number="45" hits="5"/>
              </lines>
            </method>
            <method name="(anonymous_15)" hits="6" signature="()V">
              <lines>
                <line number="49" hits="6"/>
              </lines>
            </method>
            <method name="(anonymous_16)" hits="18" signature="()V">
              <lines>
                <line number="52" hits="18"/>
              </lines>
            </method>
            <method name="(anonymous_17)" hits="0" signature="()V">
              <lines>
                <line number="57" hits="0"/>
              </lines>
            </method>
            <method name="(anonymous_18)" hits="25" signature="()V">
              <lines>
                <line number="61" hits="25"/>
              </lines>
            </method>
            <method name="(anonymous_19)" hits="11" signature="()V">
              <lines>
                <line number="65" hits="11"/>
              </lines>
            </method>
            <method name="(anonymous_20)" hits="14" signature="()V">
              <lines>
                <line number="69" hits="14"/>
              </lines>
            </method>
            <method name="(anonymous_21)" hits="17" signature="()V">
              <lines>
                <line number="74" hits="17"/>
              </lines>
            </method>
            <method name="(anonymous_22)" hits="18" signature="()V">
              <lines>
                <line number="78" hits="18"/>
              </lines>
            </method>
            <method name="(anonymous_23)" hits="6" signature="()V">
              <lines>
                <line number="83" hits="6"/>
              </lines>
            </method>
            <method name="(anonymous_24)" hits="3" signature="()V">
              <lines>
                <line number="87" hits="3"/>
              </lines>
            </method>
            <method name="(anonymous_25)" hits="7" signature="()V">
              <lines>
                <line number="91" hits="7"/>
              </lines>
            </method>
            <method name="(anonymous_26)" hits="15" signature="()V">
              <lines>
                <line number="113" hits="15"/>
              </lines>
            </method>
          </methods>
          <lines>
            <line number="3" hits="1" branch="false"/>
            <line number="4" hits="1" branch="false"/>
            <line number="7" hits="1" branch="false"/>
            <line number="8" hits="55" branch="false"/>
            <line number="9" hits="55" branch="false"/>
            <line number="10" hits="55" branch="false"/>
            <line number="11" hits="55" branch="false"/>
            <line number="12" hits="55" branch="false"/>
            <line number="15" hits="55" branch="false"/>
            <line number="16" hits="55" branch="false"/>
            <line number="17" hits="1" branch="false"/>
            <line number="19" hits="55" branch="false"/>
            <line number="20" hits="2" branch="false"/>
            <line number="23" hits="55" branch="false"/>
            <line number="24" hits="3" branch="false"/>
            <line number="27" hits="55" branch="false"/>
            <line number="28" hits="15" branch="false"/>
            <line number="31" hits="55" branch="false"/>
            <line number="32" hits="8" branch="false"/>
            <line number="36" hits="4" branch="false"/>
            <line number="37" hits="4" branch="false"/>
            <line number="38" hits="4" branch="false"/>
            <line number="39" hits="4" branch="true" condition-coverage="50% (1/2)"/>
            <line number="40" hits="0" branch="false"/>
            <line number="41" hits="0" branch="false"/>
            <line number="45" hits="55" branch="false"/>
            <line number="46" hits="5" branch="false"/>
            <line number="49" hits="55" branch="false"/>
            <line number="50" hits="6" branch="false"/>
            <line number="51" hits="6" branch="false"/>
            <line number="52" hits="18" branch="true" condition-coverage="75% (3/4)"/>
            <line number="53" hits="6" branch="false"/>
            <line number="57" hits="55" branch="false"/>
            <line number="58" hits="0" branch="false"/>
            <line number="61" hits="55" branch="false"/>
            <line number="62" hits="25" branch="false"/>
            <line number="65" hits="55" branch="false"/>
            <line number="66" hits="11" branch="false"/>
            <line number="69" hits="55" branch="false"/>
            <line number="70" hits="14" branch="false"/>
            <line number="71" hits="14" branch="false"/>
            <line number="74" hits="55" branch="false"/>
            <line number="75" hits="17" branch="false"/>
            <line number="78" hits="55" branch="false"/>
            <line number="79" hits="18" branch="false"/>
            <line number="84" hits="6" branch="false"/>
            <line number="88" hits="3" branch="false"/>
            <line number="92" hits="7" branch="false"/>
            <line number="93" hits="7" branch="true" condition-coverage="100% (4/4)"/>
            <line number="94" hits="1" branch="true" condition-coverage="50% (1/2)"/>
            <line number="95" hits="1" branch="false"/>
            <line number="96" hits="1" branch="false"/>
            <line number="98" hits="1" branch="false"/>
            <line number="99" hits="1" branch="false"/>
            <line number="100" hits="1" branch="false"/>
            <line number="101" hits="1" branch="false"/>
            <line number="102" hits="6" branch="true" condition-coverage="100% (4/4)"/>
            <line number="103" hits="5" branch="false"/>
            <line number="104" hits="5" branch="false"/>
            <line number="105" hits="5" branch="false"/>
            <line number="106" hits="1" branch="true" condition-coverage="50% (1/2)"/>
            <line number="107" hits="1" branch="false"/>
            <line number="110" hits="7" branch="false"/>
            <line number="114" hits="15" branch="false"/>
            <line number="115" hits="15" branch="true" condition-coverage="100% (4/4)"/>
            <line number="116" hits="1" branch="false"/>
          </lines>
        </class>
      </classes>
    </package>
    <package name="app.classes.user" line-rate="1" branch-rate="1">
      <classes>
        <class name="user.ts" filename="app\classes\user\user.ts" line-rate="1" branch-rate="1">
          <methods>
            <method name="(anonymous_7)" hits="111" signature="()V">
              <lines>
                <line number="12" hits="111"/>
              </lines>
            </method>
            <method name="(anonymous_8)" hits="1" signature="()V">
              <lines>
                <line number="18" hits="1"/>
              </lines>
            </method>
            <method name="(anonymous_9)" hits="3" signature="()V">
              <lines>
                <line number="21" hits="3"/>
              </lines>
            </method>
            <method name="(anonymous_10)" hits="87" signature="()V">
              <lines>
                <line number="38" hits="87"/>
              </lines>
            </method>
            <method name="(anonymous_12)" hits="7" signature="()V">
              <lines>
                <line number="43" hits="7"/>
              </lines>
            </method>
            <method name="(anonymous_14)" hits="92" signature="()V">
              <lines>
                <line number="46" hits="92"/>
              </lines>
            </method>
            <method name="(anonymous_15)" hits="1653" signature="()V">
              <lines>
                <line number="51" hits="1653"/>
              </lines>
            </method>
          </methods>
          <lines>
            <line number="3" hits="1" branch="false"/>
            <line number="5" hits="1" branch="false"/>
            <line number="6" hits="111" branch="false"/>
            <line number="8" hits="111" branch="false"/>
            <line number="9" hits="111" branch="false"/>
            <line number="10" hits="111" branch="false"/>
            <line number="13" hits="111" branch="false"/>
            <line number="14" hits="111" branch="false"/>
            <line number="15" hits="111" branch="false"/>
            <line number="16" hits="111" branch="false"/>
            <line number="18" hits="111" branch="false"/>
            <line number="19" hits="1" branch="false"/>
            <line number="21" hits="111" branch="false"/>
            <line number="22" hits="3" branch="true" condition-coverage="100% (4/4)"/>
            <line number="23" hits="2" branch="true" condition-coverage="100% (2/2)"/>
            <line number="24" hits="1" branch="false"/>
            <line number="25" hits="1" branch="false"/>
            <line number="27" hits="1" branch="false"/>
            <line number="28" hits="1" branch="false"/>
            <line number="39" hits="87" branch="false"/>
            <line number="40" hits="61" branch="false"/>
            <line number="44" hits="7" branch="false"/>
            <line number="45" hits="7" branch="false"/>
            <line number="46" hits="7" branch="false"/>
            <line number="47" hits="92" branch="false"/>
            <line number="52" hits="1653" branch="true" condition-coverage="100% (2/2)"/>
            <line number="53" hits="1" branch="false"/>
            <line number="55" hits="1653" branch="false"/>
            <line number="56" hits="1653" branch="false"/>
          </lines>
        </class>
      </classes>
    </package>
    <package name="app.controllers.game-creator" line-rate="1" branch-rate="1">
      <classes>
        <class name="game.creator.controller.ts" filename="app\controllers\game-creator\game.creator.controller.ts" line-rate="1" branch-rate="1">
          <methods>
            <method name="(anonymous_9)" hits="1" signature="()V">
              <lines>
                <line number="19" hits="1"/>
              </lines>
            </method>
            <method name="(anonymous_10)" hits="1" signature="()V">
              <lines>
                <line number="23" hits="1"/>
              </lines>
            </method>
            <method name="(anonymous_11)" hits="4" signature="()V">
              <lines>
                <line number="26" hits="4"/>
              </lines>
            </method>
            <method name="(anonymous_12)" hits="4" signature="()V">
              <lines>
                <line number="26" hits="4"/>
              </lines>
            </method>
            <method name="(anonymous_13)" hits="1" signature="()V">
              <lines>
                <line number="50" hits="1"/>
              </lines>
            </method>
            <method name="(anonymous_14)" hits="1" signature="()V">
              <lines>
                <line number="70" hits="1"/>
              </lines>
            </method>
            <method name="(anonymous_15)" hits="2" signature="()V">
              <lines>
                <line number="76" hits="2"/>
              </lines>
            </method>
            <method name="(anonymous_16)" hits="2" signature="()V">
              <lines>
                <line number="76" hits="2"/>
              </lines>
            </method>
            <method name="(anonymous_17)" hits="1" signature="()V">
              <lines>
                <line number="82" hits="1"/>
              </lines>
            </method>
            <method name="(anonymous_18)" hits="1" signature="()V">
              <lines>
                <line number="86" hits="1"/>
              </lines>
            </method>
            <method name="(anonymous_19)" hits="1" signature="()V">
              <lines>
                <line number="86" hits="1"/>
              </lines>
            </method>
            <method name="(anonymous_20)" hits="1" signature="()V">
              <lines>
                <line number="87" hits="1"/>
              </lines>
            </method>
            <method name="(anonymous_21)" hits="3" signature="()V">
              <lines>
                <line number="90" hits="3"/>
              </lines>
            </method>
            <method name="(anonymous_22)" hits="3" signature="()V">
              <lines>
                <line number="90" hits="3"/>
              </lines>
            </method>
            <method name="(anonymous_23)" hits="2" signature="()V">
              <lines>
                <line number="123" hits="2"/>
              </lines>
            </method>
          </methods>
          <lines>
            <line number="3" hits="1" branch="false"/>
            <line number="4" hits="1" branch="false"/>
            <line number="5" hits="1" branch="false"/>
            <line number="6" hits="1" branch="false"/>
            <line number="7" hits="1" branch="false"/>
            <line number="8" hits="1" branch="false"/>
            <line number="9" hits="1" branch="false"/>
            <line number="17" hits="1" branch="false"/>
            <line number="19" hits="1" branch="false"/>
            <line number="20" hits="1" branch="false"/>
            <line number="24" hits="1" branch="false"/>
            <line number="26" hits="4" branch="false"/>
            <line number="27" hits="4" branch="false"/>
            <line number="34" hits="4" branch="true" condition-coverage="100% (2/2)"/>
            <line number="35" hits="2" branch="false"/>
            <line number="37" hits="2" branch="true" condition-coverage="100% (2/2)"/>
            <line number="38" hits="1" branch="false"/>
            <line number="50" hits="1" branch="false"/>
            <line number="52" hits="1" branch="false"/>
            <line number="55" hits="2" branch="false"/>
            <line number="64" hits="2" branch="false"/>
            <line number="66" hits="2" branch="true" condition-coverage="100% (2/2)"/>
            <line number="67" hits="1" branch="false"/>
            <line number="68" hits="1" branch="false"/>
            <line number="70" hits="1" branch="false"/>
            <line number="71" hits="1" branch="false"/>
            <line number="76" hits="2" branch="false"/>
            <line number="77" hits="2" branch="false"/>
            <line number="78" hits="2" branch="true" condition-coverage="100% (2/2)"/>
            <line number="79" hits="1" branch="false"/>
            <line number="81" hits="1" branch="false"/>
            <line number="82" hits="1" branch="false"/>
            <line number="86" hits="1" branch="false"/>
            <line number="87" hits="1" branch="false"/>
            <line number="90" hits="3" branch="false"/>
            <line number="91" hits="3" branch="false"/>
            <line number="92" hits="3" branch="false"/>
            <line number="102" hits="3" branch="false"/>
            <line number="113" hits="3" branch="false"/>
            <line number="114" hits="3" branch="true" condition-coverage="100% (2/2)"/>
            <line number="115" hits="1" branch="false"/>
            <line number="116" hits="1" branch="false"/>
            <line number="118" hits="2" branch="true" condition-coverage="100% (2/2)"/>
            <line number="119" hits="1" branch="false"/>
            <line number="121" hits="1" branch="false"/>
            <line number="123" hits="2" branch="false"/>
            <line number="124" hits="2" branch="false"/>
          </lines>
        </class>
      </classes>
    </package>
    <package name="app.controllers.game-info" line-rate="0.9582999999999999" branch-rate="1">
      <classes>
        <class name="game.info.controller.ts" filename="app\controllers\game-info\game.info.controller.ts" line-rate="0.9582999999999999" branch-rate="1">
          <methods>
            <method name="(anonymous_9)" hits="1" signature="()V">
              <lines>
                <line number="9" hits="1"/>
              </lines>
            </method>
            <method name="(anonymous_10)" hits="1" signature="()V">
              <lines>
                <line number="13" hits="1"/>
              </lines>
            </method>
            <method name="(anonymous_11)" hits="5" signature="()V">
              <lines>
                <line number="15" hits="5"/>
              </lines>
            </method>
            <method name="(anonymous_12)" hits="5" signature="()V">
              <lines>
                <line number="15" hits="5"/>
              </lines>
            </method>
            <method name="(anonymous_13)" hits="2" signature="()V">
              <lines>
                <line number="38" hits="2"/>
              </lines>
            </method>
            <method name="(anonymous_14)" hits="2" signature="()V">
              <lines>
                <line number="38" hits="2"/>
              </lines>
            </method>
          </methods>
          <lines>
            <line number="1" hits="1" branch="false"/>
            <line number="2" hits="1" branch="false"/>
            <line number="3" hits="1" branch="false"/>
            <line number="4" hits="1" branch="false"/>
            <line number="7" hits="1" branch="false"/>
            <line number="10" hits="1" branch="false"/>
            <line number="14" hits="1" branch="false"/>
            <line number="15" hits="5" branch="false"/>
            <line number="16" hits="5" branch="false"/>
            <line number="18" hits="5" branch="true" condition-coverage="100% (3/3)"/>
            <line number="20" hits="3" branch="false"/>
            <line number="21" hits="3" branch="false"/>
            <line number="22" hits="3" branch="false"/>
            <line number="25" hits="1" branch="false"/>
            <line number="26" hits="1" branch="false"/>
            <line number="27" hits="1" branch="false"/>
            <line number="30" hits="1" branch="false"/>
            <line number="31" hits="1" branch="false"/>
            <line number="35" hits="0" branch="false"/>
            <line number="38" hits="2" branch="false"/>
            <line number="39" hits="2" branch="false"/>
            <line number="40" hits="2" branch="false"/>
            <line number="41" hits="1" branch="false"/>
            <line number="43" hits="1" branch="false"/>
          </lines>
        </class>
      </classes>
    </package>
    <package name="app.controllers.history-controller" line-rate="0.9473" branch-rate="1">
      <classes>
        <class name="history.controller.ts" filename="app\controllers\history-controller\history.controller.ts" line-rate="0.9473" branch-rate="1">
          <methods>
            <method name="(anonymous_9)" hits="1" signature="()V">
              <lines>
                <line number="10" hits="1"/>
              </lines>
            </method>
            <method name="(anonymous_10)" hits="1" signature="()V">
              <lines>
                <line number="14" hits="1"/>
              </lines>
            </method>
            <method name="(anonymous_11)" hits="1" signature="()V">
              <lines>
                <line number="17" hits="1"/>
              </lines>
            </method>
            <method name="(anonymous_12)" hits="1" signature="()V">
              <lines>
                <line number="17" hits="1"/>
              </lines>
            </method>
            <method name="(anonymous_13)" hits="1" signature="()V">
              <lines>
                <line number="26" hits="1"/>
              </lines>
            </method>
            <method name="(anonymous_14)" hits="1" signature="()V">
              <lines>
                <line number="26" hits="1"/>
              </lines>
            </method>
            <method name="(anonymous_15)" hits="1" signature="()V">
              <lines>
                <line number="34" hits="1"/>
              </lines>
            </method>
            <method name="(anonymous_16)" hits="1" signature="()V">
              <lines>
                <line number="38" hits="1"/>
              </lines>
            </method>
            <method name="(anonymous_17)" hits="1" signature="()V">
              <lines>
                <line number="38" hits="1"/>
              </lines>
            </method>
            <method name="(anonymous_18)" hits="1" signature="()V">
              <lines>
                <line number="39" hits="1"/>
              </lines>
            </method>
          </methods>
          <lines>
            <line number="1" hits="1" branch="false"/>
            <line number="2" hits="1" branch="false"/>
            <line number="3" hits="1" branch="false"/>
            <line number="4" hits="1" branch="false"/>
            <line number="5" hits="1" branch="false"/>
            <line number="8" hits="1" branch="false"/>
            <line number="11" hits="1" branch="false"/>
            <line number="15" hits="1" branch="false"/>
            <line number="17" hits="1" branch="false"/>
            <line number="18" hits="1" branch="false"/>
            <line number="19" hits="1" branch="false"/>
            <line number="20" hits="1" branch="false"/>
            <line number="22" hits="0" branch="false"/>
            <line number="26" hits="1" branch="false"/>
            <line number="27" hits="1" branch="false"/>
            <line number="34" hits="1" branch="false"/>
            <line number="35" hits="1" branch="false"/>
            <line number="38" hits="1" branch="false"/>
            <line number="39" hits="1" branch="false"/>
          </lines>
        </class>
      </classes>
    </package>
    <package name="app.controllers.password" line-rate="1" branch-rate="1">
      <classes>
        <class name="password.controller.ts" filename="app\controllers\password\password.controller.ts" line-rate="1" branch-rate="1">
          <methods>
            <method name="(anonymous_2)" hits="1" signature="()V">
              <lines>
                <line number="7" hits="1"/>
              </lines>
            </method>
            <method name="(anonymous_3)" hits="1" signature="()V">
              <lines>
                <line number="11" hits="1"/>
              </lines>
            </method>
          </methods>
          <lines>
            <line number="1" hits="1" branch="false"/>
            <line number="2" hits="1" branch="false"/>
            <line number="5" hits="1" branch="false"/>
            <line number="8" hits="1" branch="false"/>
            <line number="12" hits="1" branch="false"/>
          </lines>
        </class>
      </classes>
    </package>
    <package name="app.interfaces" line-rate="1" branch-rate="1">
      <classes>
        <class name="question.ts" filename="app\interfaces\question.ts" line-rate="1" branch-rate="1">
          <methods>
            <method name="(anonymous_0)" hits="1" signature="()V">
              <lines>
                <line number="3" hits="1"/>
              </lines>
            </method>
          </methods>
          <lines>
            <line number="3" hits="1" branch="true" condition-coverage="100% (2/2)"/>
            <line number="4" hits="1" branch="false"/>
            <line number="5" hits="1" branch="false"/>
          </lines>
        </class>
      </classes>
    </package>
    <package name="app.models" line-rate="1" branch-rate="1">
      <classes>
        <class name="game.ts" filename="app\models\game.ts" line-rate="1" branch-rate="1">
          <methods>
          </methods>
          <lines>
            <line number="1" hits="1" branch="false"/>
            <line number="3" hits="1" branch="false"/>
            <line number="17" hits="1" branch="false"/>
          </lines>
        </class>
        <class name="history.ts" filename="app\models\history.ts" line-rate="1" branch-rate="1">
          <methods>
          </methods>
          <lines>
            <line number="1" hits="1" branch="false"/>
            <line number="3" hits="1" branch="false"/>
            <line number="11" hits="1" branch="false"/>
          </lines>
        </class>
      </classes>
    </package>
    <package name="app.services.game-creator" line-rate="1" branch-rate="0.9871">
      <classes>
        <class name="game.creator.service.ts" filename="app\services\game-creator\game.creator.service.ts" line-rate="1" branch-rate="0.9871">
          <methods>
            <method name="(anonymous_8)" hits="10" signature="()V">
              <lines>
                <line number="19" hits="10"/>
              </lines>
            </method>
            <method name="(anonymous_10)" hits="8" signature="()V">
              <lines>
                <line number="34" hits="8"/>
              </lines>
            </method>
            <method name="(anonymous_12)" hits="14" signature="()V">
              <lines>
                <line number="70" hits="14"/>
              </lines>
            </method>
            <method name="(anonymous_14)" hits="3" signature="()V">
              <lines>
                <line number="83" hits="3"/>
              </lines>
            </method>
            <method name="(anonymous_16)" hits="14" signature="()V">
              <lines>
                <line number="95" hits="14"/>
              </lines>
            </method>
            <method name="(anonymous_17)" hits="15" signature="()V">
              <lines>
                <line number="104" hits="15"/>
              </lines>
            </method>
            <method name="(anonymous_18)" hits="20" signature="()V">
              <lines>
                <line number="112" hits="20"/>
              </lines>
            </method>
            <method name="(anonymous_19)" hits="26" signature="()V">
              <lines>
                <line number="119" hits="26"/>
              </lines>
            </method>
            <method name="(anonymous_20)" hits="4" signature="()V">
              <lines>
                <line number="132" hits="4"/>
              </lines>
            </method>
            <method name="(anonymous_21)" hits="25" signature="()V">
              <lines>
                <line number="144" hits="25"/>
              </lines>
            </method>
            <method name="(anonymous_22)" hits="79" signature="()V">
              <lines>
                <line number="151" hits="79"/>
              </lines>
            </method>
            <method name="(anonymous_23)" hits="6" signature="()V">
              <lines>
                <line number="189" hits="6"/>
              </lines>
            </method>
          </methods>
          <lines>
            <line number="4" hits="1" branch="false"/>
            <line number="5" hits="1" branch="false"/>
            <line number="7" hits="1" branch="false"/>
            <line number="15" hits="1" branch="false"/>
            <line number="20" hits="10" branch="false"/>
            <line number="21" hits="10" branch="true" condition-coverage="100% (2/2)"/>
            <line number="22" hits="5" branch="false"/>
            <line number="25" hits="10" branch="false"/>
            <line number="26" hits="10" branch="false"/>
            <line number="28" hits="10" branch="false"/>
            <line number="30" hits="10" branch="false"/>
            <line number="32" hits="10" branch="false"/>
            <line number="35" hits="8" branch="false"/>
            <line number="36" hits="8" branch="false"/>
            <line number="37" hits="16" branch="true" condition-coverage="100% (4/4)"/>
            <line number="39" hits="5" branch="false"/>
            <line number="40" hits="4" branch="true" condition-coverage="100% (4/4)"/>
            <line number="41" hits="2" branch="false"/>
            <line number="43" hits="2" branch="false"/>
            <line number="44" hits="2" branch="false"/>
            <line number="47" hits="3" branch="true" condition-coverage="100% (2/2)"/>
            <line number="48" hits="1" branch="false"/>
            <line number="50" hits="3" branch="false"/>
            <line number="53" hits="3" branch="true" condition-coverage="100% (2/2)"/>
            <line number="54" hits="2" branch="false"/>
            <line number="57" hits="3" branch="false"/>
            <line number="60" hits="3" branch="true" condition-coverage="100% (2/2)"/>
            <line number="61" hits="1" branch="false"/>
            <line number="63" hits="3" branch="false"/>
            <line number="67" hits="7" branch="false"/>
            <line number="71" hits="14" branch="true" condition-coverage="100% (2/2)"/>
            <line number="72" hits="1" branch="false"/>
            <line number="73" hits="1" branch="false"/>
            <line number="75" hits="13" branch="false"/>
            <line number="76" hits="13" branch="true" condition-coverage="100% (2/2)"/>
            <line number="77" hits="1" branch="false"/>
            <line number="78" hits="1" branch="false"/>
            <line number="84" hits="3" branch="false"/>
            <line number="85" hits="3" branch="true" condition-coverage="100% (2/2)"/>
            <line number="86" hits="1" branch="false"/>
            <line number="88" hits="2" branch="false"/>
            <line number="89" hits="2" branch="true" condition-coverage="100% (2/2)"/>
            <line number="90" hits="1" branch="false"/>
            <line number="92" hits="1" branch="false"/>
            <line number="96" hits="14" branch="false"/>
            <line number="97" hits="14" branch="true" condition-coverage="100% (5/5)"/>
            <line number="98" hits="1" branch="false"/>
            <line number="99" hits="1" branch="false"/>
            <line number="101" hits="14" branch="false"/>
            <line number="105" hits="15" branch="true" condition-coverage="100% (5/5)"/>
            <line number="106" hits="4" branch="false"/>
            <line number="107" hits="4" branch="false"/>
            <line number="109" hits="15" branch="false"/>
            <line number="113" hits="20" branch="false"/>
            <line number="114" hits="20" branch="true" condition-coverage="100% (4/4)"/>
            <line number="115" hits="2" branch="false"/>
            <line number="116" hits="2" branch="false"/>
            <line number="117" hits="2" branch="false"/>
            <line number="119" hits="18" branch="false"/>
            <line number="120" hits="26" branch="true" condition-coverage="100% (2/2)"/>
            <line number="121" hits="24" branch="false"/>
            <line number="122" hits="2" branch="true" condition-coverage="100% (2/2)"/>
            <line number="123" hits="1" branch="false"/>
            <line number="125" hits="1" branch="false"/>
            <line number="126" hits="1" branch="false"/>
            <line number="129" hits="18" branch="false"/>
            <line number="133" hits="4" branch="true" condition-coverage="100% (2/2)"/>
            <line number="134" hits="1" branch="false"/>
            <line number="135" hits="1" branch="false"/>
            <line number="137" hits="4" branch="true" condition-coverage="100% (2/2)"/>
            <line number="138" hits="1" branch="false"/>
            <line number="139" hits="1" branch="false"/>
            <line number="141" hits="4" branch="false"/>
            <line number="145" hits="25" branch="true" condition-coverage="100% (5/5)"/>
            <line number="146" hits="3" branch="false"/>
            <line number="147" hits="3" branch="false"/>
            <line number="149" hits="22" branch="false"/>
            <line number="150" hits="22" branch="false"/>
            <line number="151" hits="22" branch="false"/>
            <line number="152" hits="79" branch="true" condition-coverage="100% (2/2)"/>
            <line number="160" hits="77" branch="true" condition-coverage="100% (2/2)"/>
            <line number="161" hits="2" branch="false"/>
            <line number="162" hits="75" branch="true" condition-coverage="100% (4/4)"/>
            <line number="163" hits="1" branch="false"/>
            <line number="165" hits="74" branch="false"/>
            <line number="167" hits="77" branch="true" condition-coverage="100% (2/2)"/>
            <line number="168" hits="77" branch="true" condition-coverage="100% (2/2)"/>
            <line number="170" hits="2" branch="false"/>
            <line number="171" hits="2" branch="false"/>
            <line number="177" hits="22" branch="true" condition-coverage="100% (4/4)"/>
            <line number="178" hits="3" branch="false"/>
            <line number="179" hits="3" branch="false"/>
            <line number="182" hits="25" branch="true" condition-coverage="100% (2/2)"/>
            <line number="183" hits="1" branch="false"/>
            <line number="184" hits="1" branch="false"/>
            <line number="186" hits="25" branch="false"/>
            <line number="190" hits="6" branch="true" condition-coverage="100% (2/2)"/>
            <line number="191" hits="1" branch="false"/>
            <line number="192" hits="1" branch="false"/>
            <line number="193" hits="5" branch="true" condition-coverage="50% (1/2)"/>
            <line number="194" hits="5" branch="false"/>
            <line number="195" hits="5" branch="false"/>
            <line number="197" hits="6" branch="false"/>
          </lines>
        </class>
      </classes>
    </package>
    <package name="app.services.socket-manager" line-rate="1" branch-rate="1">
      <classes>
        <class name="socket-manager.service.ts" filename="app\services\socket-manager\socket-manager.service.ts" line-rate="1" branch-rate="1">
          <methods>
            <method name="(anonymous_0)" hits="1" signature="()V">
              <lines>
                <line number="10" hits="1"/>
              </lines>
            </method>
            <method name="(anonymous_1)" hits="1" signature="()V">
              <lines>
                <line number="15" hits="1"/>
              </lines>
            </method>
            <method name="(anonymous_2)" hits="1" signature="()V">
              <lines>
                <line number="16" hits="1"/>
              </lines>
            </method>
            <method name="(anonymous_3)" hits="3" signature="()V">
              <lines>
                <line number="21" hits="3"/>
              </lines>
            </method>
            <method name="(anonymous_4)" hits="2" signature="()V">
              <lines>
                <line number="22" hits="2"/>
              </lines>
            </method>
            <method name="(anonymous_5)" hits="1" signature="()V">
              <lines>
                <line number="27" hits="1"/>
              </lines>
            </method>
            <method name="(anonymous_6)" hits="1" signature="()V">
              <lines>
                <line number="32" hits="1"/>
              </lines>
            </method>
          </methods>
          <lines>
            <line number="2" hits="1" branch="false"/>
            <line number="4" hits="1" branch="false"/>
            <line number="6" hits="1" branch="false"/>
            <line number="11" hits="1" branch="false"/>
            <line number="12" hits="1" branch="false"/>
            <line number="16" hits="1" branch="false"/>
            <line number="17" hits="1" branch="false"/>
            <line number="22" hits="3" branch="false"/>
            <line number="23" hits="2" branch="false"/>
            <line number="24" hits="2" branch="false"/>
            <line number="27" hits="3" branch="false"/>
            <line number="28" hits="1" branch="false"/>
            <line number="29" hits="1" branch="false"/>
            <line number="32" hits="3" branch="false"/>
            <line number="33" hits="1" branch="false"/>
          </lines>
        </class>
      </classes>
    </package>
  </packages>
</coverage>
